This is pdfTeX, Version 3.14159265-2.6-1.40.18 (TeX Live 2017/Debian) (preloaded format=pdflatex 2019.8.19)  3 SEP 2019 23:45
entering extended mode
 restricted \write18 enabled.
 %&-line parsing enabled.
**Tesina.tex
(./Tesina.tex
LaTeX2e <2017-04-15>
Babel <3.18> and hyphenation patterns for 3 language(s) loaded.
(./sapthesis.cls
Document Class: sapthesis 2018/08/07 Sapienza - University of Rome thesis class

(/usr/share/texlive/texmf-dist/tex/latex/xkeyval/xkeyval.sty
Package: xkeyval 2014/12/03 v2.7a package option processing (HA)

(/usr/share/texlive/texmf-dist/tex/generic/xkeyval/xkeyval.tex
(/usr/share/texlive/texmf-dist/tex/generic/xkeyval/xkvutils.tex
\XKV@toks=\toks14
\XKV@tempa@toks=\toks15

(/usr/share/texlive/texmf-dist/tex/generic/xkeyval/keyval.tex))
\XKV@depth=\count79
File: xkeyval.tex 2014/12/03 v2.7a key=value parser (HA)
))
\SAP@binding=\skip41

(/usr/share/texlive/texmf-dist/tex/latex/base/book.cls
Document Class: book 2014/09/29 v1.4h Standard LaTeX document class
(/usr/share/texlive/texmf-dist/tex/latex/base/bk11.clo
File: bk11.clo 2014/09/29 v1.4h Standard LaTeX file (size option)
)
\c@part=\count80
\c@chapter=\count81
\c@section=\count82
\c@subsection=\count83
\c@subsubsection=\count84
\c@paragraph=\count85
\c@subparagraph=\count86
\c@figure=\count87
\c@table=\count88
\abovecaptionskip=\skip42
\belowcaptionskip=\skip43
\bibindent=\dimen102
)
(/usr/share/texlive/texmf-dist/tex/latex/geometry/geometry.sty
Package: geometry 2010/09/12 v5.6 Page Geometry

(/usr/share/texlive/texmf-dist/tex/generic/oberdiek/ifpdf.sty
Package: ifpdf 2017/03/15 v3.2 Provides the ifpdf switch
)
(/usr/share/texlive/texmf-dist/tex/generic/oberdiek/ifvtex.sty
Package: ifvtex 2016/05/16 v1.6 Detect VTeX and its facilities (HO)
Package ifvtex Info: VTeX not detected.
)
(/usr/share/texlive/texmf-dist/tex/generic/ifxetex/ifxetex.sty
Package: ifxetex 2010/09/12 v0.6 Provides ifxetex conditional
)
\Gm@cnth=\count89
\Gm@cntv=\count90
\c@Gm@tempcnt=\count91
\Gm@bindingoffset=\dimen103
\Gm@wd@mp=\dimen104
\Gm@odd@mp=\dimen105
\Gm@even@mp=\dimen106
\Gm@layoutwidth=\dimen107
\Gm@layoutheight=\dimen108
\Gm@layouthoffset=\dimen109
\Gm@layoutvoffset=\dimen110
\Gm@dimlist=\toks16
)
(/usr/share/texlive/texmf-dist/tex/latex/base/fontenc.sty
Package: fontenc 2017/04/05 v2.0i Standard LaTeX package

(/usr/share/texlive/texmf-dist/tex/latex/base/t1enc.def
File: t1enc.def 2017/04/05 v2.0i Standard LaTeX file
LaTeX Font Info:    Redeclaring font encoding T1 on input line 48.
)
! Font T1/cmr/m/n/10.95=ecrm1095 at 10.95pt not loadable: Metric (TFM) file not
 found.
<to be read again> 
                   relax 
l.105 \fontencoding\encodingdefault\selectfont
                                              
I wasn't able to read the size data for this font,
so I will ignore the font specification.
[Wizards can fix TFM files using TFtoPL/PLtoTF.]
You might try inserting a different font spec;
e.g., type `I\font<same font id>=<substitute font name>'.

) (/usr/share/texlive/texmf-dist/tex/latex/base/textcomp.sty
Package: textcomp 2017/04/05 v2.0i Standard LaTeX package
Package textcomp Info: Sub-encoding information:
(textcomp)               5 = only ISO-Adobe without \textcurrency
(textcomp)               4 = 5 + \texteuro
(textcomp)               3 = 4 + \textohm
(textcomp)               2 = 3 + \textestimated + \textcurrency
(textcomp)               1 = TS1 - \textcircled - \t
(textcomp)               0 = TS1 (full)
(textcomp)             Font families with sub-encoding setting implement
(textcomp)             only a restricted character set as indicated.
(textcomp)             Family '?' is the default used for unknown fonts.
(textcomp)             See the documentation for details.
Package textcomp Info: Setting ? sub-encoding to TS1/1 on input line 79.

(/usr/share/texlive/texmf-dist/tex/latex/base/ts1enc.def
File: ts1enc.def 2001/06/05 v3.0e (jk/car/fm) Standard LaTeX file
)
LaTeX Info: Redefining \oldstylenums on input line 334.
Package textcomp Info: Setting cmr sub-encoding to TS1/0 on input line 349.
Package textcomp Info: Setting cmss sub-encoding to TS1/0 on input line 350.
Package textcomp Info: Setting cmtt sub-encoding to TS1/0 on input line 351.
Package textcomp Info: Setting cmvtt sub-encoding to TS1/0 on input line 352.
Package textcomp Info: Setting cmbr sub-encoding to TS1/0 on input line 353.
Package textcomp Info: Setting cmtl sub-encoding to TS1/0 on input line 354.
Package textcomp Info: Setting ccr sub-encoding to TS1/0 on input line 355.
Package textcomp Info: Setting ptm sub-encoding to TS1/4 on input line 356.
Package textcomp Info: Setting pcr sub-encoding to TS1/4 on input line 357.
Package textcomp Info: Setting phv sub-encoding to TS1/4 on input line 358.
Package textcomp Info: Setting ppl sub-encoding to TS1/3 on input line 359.
Package textcomp Info: Setting pag sub-encoding to TS1/4 on input line 360.
Package textcomp Info: Setting pbk sub-encoding to TS1/4 on input line 361.
Package textcomp Info: Setting pnc sub-encoding to TS1/4 on input line 362.
Package textcomp Info: Setting pzc sub-encoding to TS1/4 on input line 363.
Package textcomp Info: Setting bch sub-encoding to TS1/4 on input line 364.
Package textcomp Info: Setting put sub-encoding to TS1/5 on input line 365.
Package textcomp Info: Setting uag sub-encoding to TS1/5 on input line 366.
Package textcomp Info: Setting ugq sub-encoding to TS1/5 on input line 367.
Package textcomp Info: Setting ul8 sub-encoding to TS1/4 on input line 368.
Package textcomp Info: Setting ul9 sub-encoding to TS1/4 on input line 369.
Package textcomp Info: Setting augie sub-encoding to TS1/5 on input line 370.
Package textcomp Info: Setting dayrom sub-encoding to TS1/3 on input line 371.
Package textcomp Info: Setting dayroms sub-encoding to TS1/3 on input line 372.

Package textcomp Info: Setting pxr sub-encoding to TS1/0 on input line 373.
Package textcomp Info: Setting pxss sub-encoding to TS1/0 on input line 374.
Package textcomp Info: Setting pxtt sub-encoding to TS1/0 on input line 375.
Package textcomp Info: Setting txr sub-encoding to TS1/0 on input line 376.
Package textcomp Info: Setting txss sub-encoding to TS1/0 on input line 377.
Package textcomp Info: Setting txtt sub-encoding to TS1/0 on input line 378.
Package textcomp Info: Setting lmr sub-encoding to TS1/0 on input line 379.
Package textcomp Info: Setting lmdh sub-encoding to TS1/0 on input line 380.
Package textcomp Info: Setting lmss sub-encoding to TS1/0 on input line 381.
Package textcomp Info: Setting lmssq sub-encoding to TS1/0 on input line 382.
Package textcomp Info: Setting lmvtt sub-encoding to TS1/0 on input line 383.
Package textcomp Info: Setting lmtt sub-encoding to TS1/0 on input line 384.
Package textcomp Info: Setting qhv sub-encoding to TS1/0 on input line 385.
Package textcomp Info: Setting qag sub-encoding to TS1/0 on input line 386.
Package textcomp Info: Setting qbk sub-encoding to TS1/0 on input line 387.
Package textcomp Info: Setting qcr sub-encoding to TS1/0 on input line 388.
Package textcomp Info: Setting qcs sub-encoding to TS1/0 on input line 389.
Package textcomp Info: Setting qpl sub-encoding to TS1/0 on input line 390.
Package textcomp Info: Setting qtm sub-encoding to TS1/0 on input line 391.
Package textcomp Info: Setting qzc sub-encoding to TS1/0 on input line 392.
Package textcomp Info: Setting qhvc sub-encoding to TS1/0 on input line 393.
Package textcomp Info: Setting futs sub-encoding to TS1/4 on input line 394.
Package textcomp Info: Setting futx sub-encoding to TS1/4 on input line 395.
Package textcomp Info: Setting futj sub-encoding to TS1/4 on input line 396.
Package textcomp Info: Setting hlh sub-encoding to TS1/3 on input line 397.
Package textcomp Info: Setting hls sub-encoding to TS1/3 on input line 398.
Package textcomp Info: Setting hlst sub-encoding to TS1/3 on input line 399.
Package textcomp Info: Setting hlct sub-encoding to TS1/5 on input line 400.
Package textcomp Info: Setting hlx sub-encoding to TS1/5 on input line 401.
Package textcomp Info: Setting hlce sub-encoding to TS1/5 on input line 402.
Package textcomp Info: Setting hlcn sub-encoding to TS1/5 on input line 403.
Package textcomp Info: Setting hlcw sub-encoding to TS1/5 on input line 404.
Package textcomp Info: Setting hlcf sub-encoding to TS1/5 on input line 405.
Package textcomp Info: Setting pplx sub-encoding to TS1/3 on input line 406.
Package textcomp Info: Setting pplj sub-encoding to TS1/3 on input line 407.
Package textcomp Info: Setting ptmx sub-encoding to TS1/4 on input line 408.
Package textcomp Info: Setting ptmj sub-encoding to TS1/4 on input line 409.
)
(/usr/share/texmf/tex/latex/lm/lmodern.sty
Package: lmodern 2009/10/30 v1.6 Latin Modern Fonts
LaTeX Font Info:    Overwriting symbol font `operators' in version `normal'
(Font)                  OT1/cmr/m/n --> OT1/lmr/m/n on input line 22.
LaTeX Font Info:    Overwriting symbol font `letters' in version `normal'
(Font)                  OML/cmm/m/it --> OML/lmm/m/it on input line 23.
LaTeX Font Info:    Overwriting symbol font `symbols' in version `normal'
(Font)                  OMS/cmsy/m/n --> OMS/lmsy/m/n on input line 24.
LaTeX Font Info:    Overwriting symbol font `largesymbols' in version `normal'
(Font)                  OMX/cmex/m/n --> OMX/lmex/m/n on input line 25.
LaTeX Font Info:    Overwriting symbol font `operators' in version `bold'
(Font)                  OT1/cmr/bx/n --> OT1/lmr/bx/n on input line 26.
LaTeX Font Info:    Overwriting symbol font `letters' in version `bold'
(Font)                  OML/cmm/b/it --> OML/lmm/b/it on input line 27.
LaTeX Font Info:    Overwriting symbol font `symbols' in version `bold'
(Font)                  OMS/cmsy/b/n --> OMS/lmsy/b/n on input line 28.
LaTeX Font Info:    Overwriting symbol font `largesymbols' in version `bold'
(Font)                  OMX/cmex/m/n --> OMX/lmex/m/n on input line 29.
LaTeX Font Info:    Overwriting math alphabet `\mathbf' in version `normal'
(Font)                  OT1/cmr/bx/n --> OT1/lmr/bx/n on input line 31.
LaTeX Font Info:    Overwriting math alphabet `\mathsf' in version `normal'
(Font)                  OT1/cmss/m/n --> OT1/lmss/m/n on input line 32.
LaTeX Font Info:    Overwriting math alphabet `\mathit' in version `normal'
(Font)                  OT1/cmr/m/it --> OT1/lmr/m/it on input line 33.
LaTeX Font Info:    Overwriting math alphabet `\mathtt' in version `normal'
(Font)                  OT1/cmtt/m/n --> OT1/lmtt/m/n on input line 34.
LaTeX Font Info:    Overwriting math alphabet `\mathbf' in version `bold'
(Font)                  OT1/cmr/bx/n --> OT1/lmr/bx/n on input line 35.
LaTeX Font Info:    Overwriting math alphabet `\mathsf' in version `bold'
(Font)                  OT1/cmss/bx/n --> OT1/lmss/bx/n on input line 36.
LaTeX Font Info:    Overwriting math alphabet `\mathit' in version `bold'
(Font)                  OT1/cmr/bx/it --> OT1/lmr/bx/it on input line 37.
LaTeX Font Info:    Overwriting math alphabet `\mathtt' in version `bold'
(Font)                  OT1/cmtt/m/n --> OT1/lmtt/m/n on input line 38.
)
(/usr/share/texlive/texmf-dist/tex/latex/caption/caption.sty
Package: caption 2016/02/21 v3.3-144 Customizing captions (AR)

(/usr/share/texlive/texmf-dist/tex/latex/caption/caption3.sty
Package: caption3 2016/05/22 v1.7-166 caption3 kernel (AR)
Package caption3 Info: TeX engine: e-TeX on input line 67.
\captionmargin=\dimen111
\captionmargin@=\dimen112
\captionwidth=\dimen113
\caption@tempdima=\dimen114
\caption@indent=\dimen115
\caption@parindent=\dimen116
\caption@hangindent=\dimen117
)
\c@ContinuedFloat=\count92
)
(/usr/share/texlive/texmf-dist/tex/latex/graphics/graphicx.sty
Package: graphicx 2017/06/01 v1.1a Enhanced LaTeX Graphics (DPC,SPQR)

(/usr/share/texlive/texmf-dist/tex/latex/graphics/graphics.sty
Package: graphics 2017/06/25 v1.2c Standard LaTeX Graphics (DPC,SPQR)

(/usr/share/texlive/texmf-dist/tex/latex/graphics/trig.sty
Package: trig 2016/01/03 v1.10 sin cos tan (DPC)
)
(/usr/share/texlive/texmf-dist/tex/latex/graphics-cfg/graphics.cfg
File: graphics.cfg 2016/06/04 v1.11 sample graphics configuration
)
Package graphics Info: Driver file: pdftex.def on input line 99.

(/usr/share/texlive/texmf-dist/tex/latex/graphics-def/pdftex.def
File: pdftex.def 2018/01/08 v1.0l Graphics/color driver for pdftex
))
\Gin@req@height=\dimen118
\Gin@req@width=\dimen119
)
(/usr/share/texlive/texmf-dist/tex/latex/graphics/color.sty
Package: color 2016/07/10 v1.1e Standard LaTeX Color (DPC)

(/usr/share/texlive/texmf-dist/tex/latex/graphics-cfg/color.cfg
File: color.cfg 2016/01/02 v1.6 sample color configuration
)
Package color Info: Driver file: pdftex.def on input line 147.
)
(/usr/share/texlive/texmf-dist/tex/latex/booktabs/booktabs.sty
Package: booktabs 2016/04/27 v1.618033 publication quality tables
\heavyrulewidth=\dimen120
\lightrulewidth=\dimen121
\cmidrulewidth=\dimen122
\belowrulesep=\dimen123
\belowbottomsep=\dimen124
\aboverulesep=\dimen125
\abovetopsep=\dimen126
\cmidrulesep=\dimen127
\cmidrulekern=\dimen128
\defaultaddspace=\dimen129
\@cmidla=\count93
\@cmidlb=\count94
\@aboverulesep=\dimen130
\@belowrulesep=\dimen131
\@thisruleclass=\count95
\@lastruleclass=\count96
\@thisrulewidth=\dimen132
)
(/usr/share/texlive/texmf-dist/tex/latex/amsmath/amsmath.sty
Package: amsmath 2017/09/02 v2.17a AMS math features
\@mathmargin=\skip44

For additional information on amsmath, use the `?' option.
(/usr/share/texlive/texmf-dist/tex/latex/amsmath/amstext.sty
Package: amstext 2000/06/29 v2.01 AMS text

(/usr/share/texlive/texmf-dist/tex/latex/amsmath/amsgen.sty
File: amsgen.sty 1999/11/30 v2.0 generic functions
\@emptytoks=\toks17
\ex@=\dimen133
))
(/usr/share/texlive/texmf-dist/tex/latex/amsmath/amsbsy.sty
Package: amsbsy 1999/11/29 v1.2d Bold Symbols
\pmbraise@=\dimen134
)
(/usr/share/texlive/texmf-dist/tex/latex/amsmath/amsopn.sty
Package: amsopn 2016/03/08 v2.02 operator names
)
\inf@bad=\count97
LaTeX Info: Redefining \frac on input line 213.
\uproot@=\count98
\leftroot@=\count99
LaTeX Info: Redefining \overline on input line 375.
\classnum@=\count100
\DOTSCASE@=\count101
LaTeX Info: Redefining \ldots on input line 472.
LaTeX Info: Redefining \dots on input line 475.
LaTeX Info: Redefining \cdots on input line 596.
\Mathstrutbox@=\box26
\strutbox@=\box27
\big@size=\dimen135
LaTeX Font Info:    Redeclaring font encoding OML on input line 712.
LaTeX Font Info:    Redeclaring font encoding OMS on input line 713.
\macc@depth=\count102
\c@MaxMatrixCols=\count103
\dotsspace@=\muskip10
\c@parentequation=\count104
\dspbrk@lvl=\count105
\tag@help=\toks18
\row@=\count106
\column@=\count107
\maxfields@=\count108
\andhelp@=\toks19
\eqnshift@=\dimen136
\alignsep@=\dimen137
\tagshift@=\dimen138
\tagwidth@=\dimen139
\totwidth@=\dimen140
\lineht@=\dimen141
\@envbody=\toks20
\multlinegap=\skip45
\multlinetaggap=\skip46
\mathdisplay@stack=\toks21
LaTeX Info: Redefining \[ on input line 2817.
LaTeX Info: Redefining \] on input line 2818.
)
(/usr/share/texlive/texmf-dist/tex/latex/etoolbox/etoolbox.sty
Package: etoolbox 2018/02/11 v2.5e e-TeX tools for LaTeX (JAW)
\etb@tempcnta=\count109
)
(/usr/share/texlive/texmf-dist/tex/latex/fancyhdr/fancyhdr.sty
Package: fancyhdr 2017/06/30 v3.9a Extensive control of page headers and footer
s
\f@nch@headwidth=\skip47
\f@nch@O@elh=\skip48
\f@nch@O@erh=\skip49
\f@nch@O@olh=\skip50
\f@nch@O@orh=\skip51
\f@nch@O@elf=\skip52
\f@nch@O@erf=\skip53
\f@nch@O@olf=\skip54
\f@nch@O@orf=\skip55
)
\SAP@advisorcount=\count110
\SAP@advisortoks=\toks22
\SAP@coadvisorcount=\count111
\SAP@coadvisortoks=\toks23
\SAP@reviewercount=\count112
\SAP@reviewertoks=\toks24
\SAP@directorcount=\count113
\SAP@directortoks=\toks25
\SAP@tutorcount=\count114
\SAP@tutortoks=\toks26
\SAP@tutorcoordcount=\count115
\SAP@tutorcoordtoks=\toks27
\SAP@examinercount=\count116
\SAP@examinertoks=\toks28
)
(/usr/share/texlive/texmf-dist/tex/generic/babel/babel.sty
Package: babel 2018/02/14 3.18 The Babel package

(/usr/share/texlive/texmf-dist/tex/generic/babel/switch.def
File: switch.def 2018/02/14 3.18 Babel switching mechanism
)

! Package babel Error: Unknown option `italian'. Either you misspelled it
(babel)                or the language definition file italian.ldf was not foun
d.

See the babel package documentation for explanation.
Type  H <return>  for immediate help.
 ...                                              
                                                  
l.445 \ProcessOptions*
                      
Valid options are: shorthands=, KeepShorthandsActive,
activeacute, activegrave, noconfigs, safe=, main=, math=
headfoot=, strings=, config=, hyphenmap=, or a language name.


! Package babel Error: You haven't specified a language option.

See the babel package documentation for explanation.
Type  H <return>  for immediate help.
 ...                                              
                                                  
l.478 ...ry to proceed from here, type x to quit.}
                                                  
You need to specify a language, either as a global option
or as an optional argument to the \usepackage command;
You shouldn't try to proceed from here, type x to quit.

) (/usr/share/texlive/texmf-dist/tex/latex/url/url.sty
\Urlmuskip=\muskip11
Package: url 2013/09/16  ver 3.4  Verb mode for urls, etc.
)
(/usr/share/texlive/texmf-dist/tex/latex/base/inputenc.sty
Package: inputenc 2015/03/17 v1.2c Input encoding file
\inpenc@prehook=\toks29
\inpenc@posthook=\toks30

(/usr/share/texlive/texmf-dist/tex/latex/base/utf8.def
File: utf8.def 2017/01/28 v1.1t UTF-8 support for inputenc
Now handling font encoding OML ...
... no UTF-8 mapping file for font encoding OML
Now handling font encoding T1 ...
... processing UTF-8 mapping file for font encoding T1

(/usr/share/texlive/texmf-dist/tex/latex/base/t1enc.dfu
File: t1enc.dfu 2017/01/28 v1.1t UTF-8 support for inputenc
   defining Unicode char U+00A0 (decimal 160)
   defining Unicode char U+00A1 (decimal 161)
   defining Unicode char U+00A3 (decimal 163)
   defining Unicode char U+00AB (decimal 171)
   defining Unicode char U+00AD (decimal 173)
   defining Unicode char U+00BB (decimal 187)
   defining Unicode char U+00BF (decimal 191)
   defining Unicode char U+00C0 (decimal 192)
   defining Unicode char U+00C1 (decimal 193)
   defining Unicode char U+00C2 (decimal 194)
   defining Unicode char U+00C3 (decimal 195)
   defining Unicode char U+00C4 (decimal 196)
   defining Unicode char U+00C5 (decimal 197)
   defining Unicode char U+00C6 (decimal 198)
   defining Unicode char U+00C7 (decimal 199)
   defining Unicode char U+00C8 (decimal 200)
   defining Unicode char U+00C9 (decimal 201)
   defining Unicode char U+00CA (decimal 202)
   defining Unicode char U+00CB (decimal 203)
   defining Unicode char U+00CC (decimal 204)
   defining Unicode char U+00CD (decimal 205)
   defining Unicode char U+00CE (decimal 206)
   defining Unicode char U+00CF (decimal 207)
   defining Unicode char U+00D0 (decimal 208)
   defining Unicode char U+00D1 (decimal 209)
   defining Unicode char U+00D2 (decimal 210)
   defining Unicode char U+00D3 (decimal 211)
   defining Unicode char U+00D4 (decimal 212)
   defining Unicode char U+00D5 (decimal 213)
   defining Unicode char U+00D6 (decimal 214)
   defining Unicode char U+00D8 (decimal 216)
   defining Unicode char U+00D9 (decimal 217)
   defining Unicode char U+00DA (decimal 218)
   defining Unicode char U+00DB (decimal 219)
   defining Unicode char U+00DC (decimal 220)
   defining Unicode char U+00DD (decimal 221)
   defining Unicode char U+00DE (decimal 222)
   defining Unicode char U+00DF (decimal 223)
   defining Unicode char U+00E0 (decimal 224)
   defining Unicode char U+00E1 (decimal 225)
   defining Unicode char U+00E2 (decimal 226)
   defining Unicode char U+00E3 (decimal 227)
   defining Unicode char U+00E4 (decimal 228)
   defining Unicode char U+00E5 (decimal 229)
   defining Unicode char U+00E6 (decimal 230)
   defining Unicode char U+00E7 (decimal 231)
   defining Unicode char U+00E8 (decimal 232)
   defining Unicode char U+00E9 (decimal 233)
   defining Unicode char U+00EA (decimal 234)
   defining Unicode char U+00EB (decimal 235)
   defining Unicode char U+00EC (decimal 236)
   defining Unicode char U+00ED (decimal 237)
   defining Unicode char U+00EE (decimal 238)
   defining Unicode char U+00EF (decimal 239)
   defining Unicode char U+00F0 (decimal 240)
   defining Unicode char U+00F1 (decimal 241)
   defining Unicode char U+00F2 (decimal 242)
   defining Unicode char U+00F3 (decimal 243)
   defining Unicode char U+00F4 (decimal 244)
   defining Unicode char U+00F5 (decimal 245)
   defining Unicode char U+00F6 (decimal 246)
   defining Unicode char U+00F8 (decimal 248)
   defining Unicode char U+00F9 (decimal 249)
   defining Unicode char U+00FA (decimal 250)
   defining Unicode char U+00FB (decimal 251)
   defining Unicode char U+00FC (decimal 252)
   defining Unicode char U+00FD (decimal 253)
   defining Unicode char U+00FE (decimal 254)
   defining Unicode char U+00FF (decimal 255)
   defining Unicode char U+0100 (decimal 256)
   defining Unicode char U+0101 (decimal 257)
   defining Unicode char U+0102 (decimal 258)
   defining Unicode char U+0103 (decimal 259)
   defining Unicode char U+0104 (decimal 260)
   defining Unicode char U+0105 (decimal 261)
   defining Unicode char U+0106 (decimal 262)
   defining Unicode char U+0107 (decimal 263)
   defining Unicode char U+0108 (decimal 264)
   defining Unicode char U+0109 (decimal 265)
   defining Unicode char U+010A (decimal 266)
   defining Unicode char U+010B (decimal 267)
   defining Unicode char U+010C (decimal 268)
   defining Unicode char U+010D (decimal 269)
   defining Unicode char U+010E (decimal 270)
   defining Unicode char U+010F (decimal 271)
   defining Unicode char U+0110 (decimal 272)
   defining Unicode char U+0111 (decimal 273)
   defining Unicode char U+0112 (decimal 274)
   defining Unicode char U+0113 (decimal 275)
   defining Unicode char U+0114 (decimal 276)
   defining Unicode char U+0115 (decimal 277)
   defining Unicode char U+0116 (decimal 278)
   defining Unicode char U+0117 (decimal 279)
   defining Unicode char U+0118 (decimal 280)
   defining Unicode char U+0119 (decimal 281)
   defining Unicode char U+011A (decimal 282)
   defining Unicode char U+011B (decimal 283)
   defining Unicode char U+011C (decimal 284)
   defining Unicode char U+011D (decimal 285)
   defining Unicode char U+011E (decimal 286)
   defining Unicode char U+011F (decimal 287)
   defining Unicode char U+0120 (decimal 288)
   defining Unicode char U+0121 (decimal 289)
   defining Unicode char U+0122 (decimal 290)
   defining Unicode char U+0123 (decimal 291)
   defining Unicode char U+0124 (decimal 292)
   defining Unicode char U+0125 (decimal 293)
   defining Unicode char U+0128 (decimal 296)
   defining Unicode char U+0129 (decimal 297)
   defining Unicode char U+012A (decimal 298)
   defining Unicode char U+012B (decimal 299)
   defining Unicode char U+012C (decimal 300)
   defining Unicode char U+012D (decimal 301)
   defining Unicode char U+012E (decimal 302)
   defining Unicode char U+012F (decimal 303)
   defining Unicode char U+0130 (decimal 304)
   defining Unicode char U+0131 (decimal 305)
   defining Unicode char U+0132 (decimal 306)
   defining Unicode char U+0133 (decimal 307)
   defining Unicode char U+0134 (decimal 308)
   defining Unicode char U+0135 (decimal 309)
   defining Unicode char U+0136 (decimal 310)
   defining Unicode char U+0137 (decimal 311)
   defining Unicode char U+0139 (decimal 313)
   defining Unicode char U+013A (decimal 314)
   defining Unicode char U+013B (decimal 315)
   defining Unicode char U+013C (decimal 316)
   defining Unicode char U+013D (decimal 317)
   defining Unicode char U+013E (decimal 318)
   defining Unicode char U+0141 (decimal 321)
   defining Unicode char U+0142 (decimal 322)
   defining Unicode char U+0143 (decimal 323)
   defining Unicode char U+0144 (decimal 324)
   defining Unicode char U+0145 (decimal 325)
   defining Unicode char U+0146 (decimal 326)
   defining Unicode char U+0147 (decimal 327)
   defining Unicode char U+0148 (decimal 328)
   defining Unicode char U+014A (decimal 330)
   defining Unicode char U+014B (decimal 331)
   defining Unicode char U+014C (decimal 332)
   defining Unicode char U+014D (decimal 333)
   defining Unicode char U+014E (decimal 334)
   defining Unicode char U+014F (decimal 335)
   defining Unicode char U+0150 (decimal 336)
   defining Unicode char U+0151 (decimal 337)
   defining Unicode char U+0152 (decimal 338)
   defining Unicode char U+0153 (decimal 339)
   defining Unicode char U+0154 (decimal 340)
   defining Unicode char U+0155 (decimal 341)
   defining Unicode char U+0156 (decimal 342)
   defining Unicode char U+0157 (decimal 343)
   defining Unicode char U+0158 (decimal 344)
   defining Unicode char U+0159 (decimal 345)
   defining Unicode char U+015A (decimal 346)
   defining Unicode char U+015B (decimal 347)
   defining Unicode char U+015C (decimal 348)
   defining Unicode char U+015D (decimal 349)
   defining Unicode char U+015E (decimal 350)
   defining Unicode char U+015F (decimal 351)
   defining Unicode char U+0160 (decimal 352)
   defining Unicode char U+0161 (decimal 353)
   defining Unicode char U+0162 (decimal 354)
   defining Unicode char U+0163 (decimal 355)
   defining Unicode char U+0164 (decimal 356)
   defining Unicode char U+0165 (decimal 357)
   defining Unicode char U+0168 (decimal 360)
   defining Unicode char U+0169 (decimal 361)
   defining Unicode char U+016A (decimal 362)
   defining Unicode char U+016B (decimal 363)
   defining Unicode char U+016C (decimal 364)
   defining Unicode char U+016D (decimal 365)
   defining Unicode char U+016E (decimal 366)
   defining Unicode char U+016F (decimal 367)
   defining Unicode char U+0170 (decimal 368)
   defining Unicode char U+0171 (decimal 369)
   defining Unicode char U+0172 (decimal 370)
   defining Unicode char U+0173 (decimal 371)
   defining Unicode char U+0174 (decimal 372)
   defining Unicode char U+0175 (decimal 373)
   defining Unicode char U+0176 (decimal 374)
   defining Unicode char U+0177 (decimal 375)
   defining Unicode char U+0178 (decimal 376)
   defining Unicode char U+0179 (decimal 377)
   defining Unicode char U+017A (decimal 378)
   defining Unicode char U+017B (decimal 379)
   defining Unicode char U+017C (decimal 380)
   defining Unicode char U+017D (decimal 381)
   defining Unicode char U+017E (decimal 382)
   defining Unicode char U+01CD (decimal 461)
   defining Unicode char U+01CE (decimal 462)
   defining Unicode char U+01CF (decimal 463)
   defining Unicode char U+01D0 (decimal 464)
   defining Unicode char U+01D1 (decimal 465)
   defining Unicode char U+01D2 (decimal 466)
   defining Unicode char U+01D3 (decimal 467)
   defining Unicode char U+01D4 (decimal 468)
   defining Unicode char U+01E2 (decimal 482)
   defining Unicode char U+01E3 (decimal 483)
   defining Unicode char U+01E6 (decimal 486)
   defining Unicode char U+01E7 (decimal 487)
   defining Unicode char U+01E8 (decimal 488)
   defining Unicode char U+01E9 (decimal 489)
   defining Unicode char U+01EA (decimal 490)
   defining Unicode char U+01EB (decimal 491)
   defining Unicode char U+01F0 (decimal 496)
   defining Unicode char U+01F4 (decimal 500)
   defining Unicode char U+01F5 (decimal 501)
   defining Unicode char U+0218 (decimal 536)
   defining Unicode char U+0219 (decimal 537)
   defining Unicode char U+021A (decimal 538)
   defining Unicode char U+021B (decimal 539)
   defining Unicode char U+0232 (decimal 562)
   defining Unicode char U+0233 (decimal 563)
   defining Unicode char U+1E02 (decimal 7682)
   defining Unicode char U+1E03 (decimal 7683)
   defining Unicode char U+200C (decimal 8204)
   defining Unicode char U+2010 (decimal 8208)
   defining Unicode char U+2011 (decimal 8209)
   defining Unicode char U+2012 (decimal 8210)
   defining Unicode char U+2013 (decimal 8211)
   defining Unicode char U+2014 (decimal 8212)
   defining Unicode char U+2015 (decimal 8213)
   defining Unicode char U+2018 (decimal 8216)
   defining Unicode char U+2019 (decimal 8217)
   defining Unicode char U+201A (decimal 8218)
   defining Unicode char U+201C (decimal 8220)
   defining Unicode char U+201D (decimal 8221)
   defining Unicode char U+201E (decimal 8222)
   defining Unicode char U+2030 (decimal 8240)
   defining Unicode char U+2031 (decimal 8241)
   defining Unicode char U+2039 (decimal 8249)
   defining Unicode char U+203A (decimal 8250)
   defining Unicode char U+2423 (decimal 9251)
   defining Unicode char U+1E20 (decimal 7712)
   defining Unicode char U+1E21 (decimal 7713)
)
Now handling font encoding OT1 ...
... processing UTF-8 mapping file for font encoding OT1

(/usr/share/texlive/texmf-dist/tex/latex/base/ot1enc.dfu
File: ot1enc.dfu 2017/01/28 v1.1t UTF-8 support for inputenc
   defining Unicode char U+00A0 (decimal 160)
   defining Unicode char U+00A1 (decimal 161)
   defining Unicode char U+00A3 (decimal 163)
   defining Unicode char U+00AD (decimal 173)
   defining Unicode char U+00B8 (decimal 184)
   defining Unicode char U+00BF (decimal 191)
   defining Unicode char U+00C5 (decimal 197)
   defining Unicode char U+00C6 (decimal 198)
   defining Unicode char U+00D8 (decimal 216)
   defining Unicode char U+00DF (decimal 223)
   defining Unicode char U+00E6 (decimal 230)
   defining Unicode char U+00EC (decimal 236)
   defining Unicode char U+00ED (decimal 237)
   defining Unicode char U+00EE (decimal 238)
   defining Unicode char U+00EF (decimal 239)
   defining Unicode char U+00F8 (decimal 248)
   defining Unicode char U+0131 (decimal 305)
   defining Unicode char U+0141 (decimal 321)
   defining Unicode char U+0142 (decimal 322)
   defining Unicode char U+0152 (decimal 338)
   defining Unicode char U+0153 (decimal 339)
   defining Unicode char U+0174 (decimal 372)
   defining Unicode char U+0175 (decimal 373)
   defining Unicode char U+0176 (decimal 374)
   defining Unicode char U+0177 (decimal 375)
   defining Unicode char U+0218 (decimal 536)
   defining Unicode char U+0219 (decimal 537)
   defining Unicode char U+021A (decimal 538)
   defining Unicode char U+021B (decimal 539)
   defining Unicode char U+2013 (decimal 8211)
   defining Unicode char U+2014 (decimal 8212)
   defining Unicode char U+2018 (decimal 8216)
   defining Unicode char U+2019 (decimal 8217)
   defining Unicode char U+201C (decimal 8220)
   defining Unicode char U+201D (decimal 8221)
)
Now handling font encoding OMS ...
... processing UTF-8 mapping file for font encoding OMS

(/usr/share/texlive/texmf-dist/tex/latex/base/omsenc.dfu
File: omsenc.dfu 2017/01/28 v1.1t UTF-8 support for inputenc
   defining Unicode char U+00A7 (decimal 167)
   defining Unicode char U+00B6 (decimal 182)
   defining Unicode char U+00B7 (decimal 183)
   defining Unicode char U+2020 (decimal 8224)
   defining Unicode char U+2021 (decimal 8225)
   defining Unicode char U+2022 (decimal 8226)
)
Now handling font encoding OMX ...
... no UTF-8 mapping file for font encoding OMX
Now handling font encoding U ...
... no UTF-8 mapping file for font encoding U
Now handling font encoding TS1 ...
... processing UTF-8 mapping file for font encoding TS1

(/usr/share/texlive/texmf-dist/tex/latex/base/ts1enc.dfu
File: ts1enc.dfu 2017/01/28 v1.1t UTF-8 support for inputenc
   defining Unicode char U+00A2 (decimal 162)
   defining Unicode char U+00A3 (decimal 163)
   defining Unicode char U+00A4 (decimal 164)
   defining Unicode char U+00A5 (decimal 165)
   defining Unicode char U+00A6 (decimal 166)
   defining Unicode char U+00A7 (decimal 167)
   defining Unicode char U+00A8 (decimal 168)
   defining Unicode char U+00A9 (decimal 169)
   defining Unicode char U+00AA (decimal 170)
   defining Unicode char U+00AC (decimal 172)
   defining Unicode char U+00AE (decimal 174)
   defining Unicode char U+00AF (decimal 175)
   defining Unicode char U+00B0 (decimal 176)
   defining Unicode char U+00B1 (decimal 177)
   defining Unicode char U+00B2 (decimal 178)
   defining Unicode char U+00B3 (decimal 179)
   defining Unicode char U+00B4 (decimal 180)
   defining Unicode char U+00B5 (decimal 181)
   defining Unicode char U+00B6 (decimal 182)
   defining Unicode char U+00B7 (decimal 183)
   defining Unicode char U+00B9 (decimal 185)
   defining Unicode char U+00BA (decimal 186)
   defining Unicode char U+00BC (decimal 188)
   defining Unicode char U+00BD (decimal 189)
   defining Unicode char U+00BE (decimal 190)
   defining Unicode char U+00D7 (decimal 215)
   defining Unicode char U+00F7 (decimal 247)
   defining Unicode char U+0192 (decimal 402)
   defining Unicode char U+02C7 (decimal 711)
   defining Unicode char U+02D8 (decimal 728)
   defining Unicode char U+02DD (decimal 733)
   defining Unicode char U+0E3F (decimal 3647)
   defining Unicode char U+2016 (decimal 8214)
   defining Unicode char U+2020 (decimal 8224)
   defining Unicode char U+2021 (decimal 8225)
   defining Unicode char U+2022 (decimal 8226)
   defining Unicode char U+2030 (decimal 8240)
   defining Unicode char U+2031 (decimal 8241)
   defining Unicode char U+203B (decimal 8251)
   defining Unicode char U+203D (decimal 8253)
   defining Unicode char U+2044 (decimal 8260)
   defining Unicode char U+204E (decimal 8270)
   defining Unicode char U+2052 (decimal 8274)
   defining Unicode char U+20A1 (decimal 8353)
   defining Unicode char U+20A4 (decimal 8356)
   defining Unicode char U+20A6 (decimal 8358)
   defining Unicode char U+20A9 (decimal 8361)
   defining Unicode char U+20AB (decimal 8363)
   defining Unicode char U+20AC (decimal 8364)
   defining Unicode char U+20B1 (decimal 8369)
   defining Unicode char U+2103 (decimal 8451)
   defining Unicode char U+2116 (decimal 8470)
   defining Unicode char U+2117 (decimal 8471)
   defining Unicode char U+211E (decimal 8478)
   defining Unicode char U+2120 (decimal 8480)
   defining Unicode char U+2122 (decimal 8482)
   defining Unicode char U+2126 (decimal 8486)
   defining Unicode char U+2127 (decimal 8487)
   defining Unicode char U+212E (decimal 8494)
   defining Unicode char U+2190 (decimal 8592)
   defining Unicode char U+2191 (decimal 8593)
   defining Unicode char U+2192 (decimal 8594)
   defining Unicode char U+2193 (decimal 8595)
   defining Unicode char U+2329 (decimal 9001)
   defining Unicode char U+232A (decimal 9002)
   defining Unicode char U+2422 (decimal 9250)
   defining Unicode char U+25E6 (decimal 9702)
   defining Unicode char U+25EF (decimal 9711)
   defining Unicode char U+266A (decimal 9834)
)
   defining Unicode char U+00A9 (decimal 169)
   defining Unicode char U+00AA (decimal 170)
   defining Unicode char U+00AE (decimal 174)
   defining Unicode char U+00BA (decimal 186)
   defining Unicode char U+02C6 (decimal 710)
   defining Unicode char U+02DC (decimal 732)
   defining Unicode char U+200C (decimal 8204)
   defining Unicode char U+2026 (decimal 8230)
   defining Unicode char U+2122 (decimal 8482)
   defining Unicode char U+2423 (decimal 9251)
))
(/usr/share/texlive/texmf-dist/tex/latex/hyperref/hyperref.sty
Package: hyperref 2018/02/06 v6.86b Hypertext links for LaTeX

(/usr/share/texlive/texmf-dist/tex/generic/oberdiek/hobsub-hyperref.sty
Package: hobsub-hyperref 2016/05/16 v1.14 Bundle oberdiek, subset hyperref (HO)


(/usr/share/texlive/texmf-dist/tex/generic/oberdiek/hobsub-generic.sty
Package: hobsub-generic 2016/05/16 v1.14 Bundle oberdiek, subset generic (HO)
Package: hobsub 2016/05/16 v1.14 Construct package bundles (HO)
Package: infwarerr 2016/05/16 v1.4 Providing info/warning/error messages (HO)
Package: ltxcmds 2016/05/16 v1.23 LaTeX kernel commands for general use (HO)
Package: ifluatex 2016/05/16 v1.4 Provides the ifluatex switch (HO)
Package ifluatex Info: LuaTeX not detected.
Package hobsub Info: Skipping package `ifvtex' (already loaded).
Package: intcalc 2016/05/16 v1.2 Expandable calculations with integers (HO)
Package hobsub Info: Skipping package `ifpdf' (already loaded).
Package: etexcmds 2016/05/16 v1.6 Avoid name clashes with e-TeX commands (HO)
Package etexcmds Info: Could not find \expanded.
(etexcmds)             That can mean that you are not using pdfTeX 1.50 or
(etexcmds)             that some package has redefined \expanded.
(etexcmds)             In the latter case, load this package earlier.
Package: kvsetkeys 2016/05/16 v1.17 Key value parser (HO)
Package: kvdefinekeys 2016/05/16 v1.4 Define keys (HO)
Package: pdftexcmds 2018/01/21 v0.26 Utility functions of pdfTeX for LuaTeX (HO
)
Package pdftexcmds Info: LuaTeX not detected.
Package pdftexcmds Info: \pdf@primitive is available.
Package pdftexcmds Info: \pdf@ifprimitive is available.
Package pdftexcmds Info: \pdfdraftmode found.
Package: pdfescape 2016/05/16 v1.14 Implements pdfTeX's escape features (HO)
Package: bigintcalc 2016/05/16 v1.4 Expandable calculations on big integers (HO
)
Package: bitset 2016/05/16 v1.2 Handle bit-vector datatype (HO)
Package: uniquecounter 2016/05/16 v1.3 Provide unlimited unique counter (HO)
)
Package hobsub Info: Skipping package `hobsub' (already loaded).
Package: letltxmacro 2016/05/16 v1.5 Let assignment for LaTeX macros (HO)
Package: hopatch 2016/05/16 v1.3 Wrapper for package hooks (HO)
Package: xcolor-patch 2016/05/16 xcolor patch
Package: atveryend 2016/05/16 v1.9 Hooks at the very end of document (HO)
Package: atbegshi 2016/06/09 v1.18 At begin shipout hook (HO)
Package: refcount 2016/05/16 v3.5 Data extraction from label references (HO)
Package: hycolor 2016/05/16 v1.8 Color options for hyperref/bookmark (HO)
)
(/usr/share/texlive/texmf-dist/tex/latex/oberdiek/auxhook.sty
Package: auxhook 2016/05/16 v1.4 Hooks for auxiliary files (HO)
)
(/usr/share/texlive/texmf-dist/tex/latex/oberdiek/kvoptions.sty
Package: kvoptions 2016/05/16 v3.12 Key value format for package options (HO)
)
\@linkdim=\dimen142
\Hy@linkcounter=\count117
\Hy@pagecounter=\count118

(/usr/share/texlive/texmf-dist/tex/latex/hyperref/pd1enc.def
File: pd1enc.def 2018/02/06 v6.86b Hyperref: PDFDocEncoding definition (HO)
Now handling font encoding PD1 ...
... no UTF-8 mapping file for font encoding PD1
)
\Hy@SavedSpaceFactor=\count119

(/usr/share/texlive/texmf-dist/tex/latex/latexconfig/hyperref.cfg
File: hyperref.cfg 2002/06/06 v1.2 hyperref configuration of TeXLive
)
Package hyperref Info: Hyper figures OFF on input line 4509.
Package hyperref Info: Link nesting OFF on input line 4514.
Package hyperref Info: Hyper index ON on input line 4517.
Package hyperref Info: Plain pages OFF on input line 4524.
Package hyperref Info: Backreferencing OFF on input line 4529.
Package hyperref Info: Implicit mode ON; LaTeX internals redefined.
Package hyperref Info: Bookmarks ON on input line 4762.
\c@Hy@tempcnt=\count120
LaTeX Info: Redefining \url on input line 5115.
\XeTeXLinkMargin=\dimen143
\Fld@menulength=\count121
\Field@Width=\dimen144
\Fld@charsize=\dimen145
Package hyperref Info: Hyper figures OFF on input line 6369.
Package hyperref Info: Link nesting OFF on input line 6374.
Package hyperref Info: Hyper index ON on input line 6377.
Package hyperref Info: backreferencing OFF on input line 6384.
Package hyperref Info: Link coloring OFF on input line 6389.
Package hyperref Info: Link coloring with OCG OFF on input line 6394.
Package hyperref Info: PDF/A mode OFF on input line 6399.
LaTeX Info: Redefining \ref on input line 6439.
LaTeX Info: Redefining \pageref on input line 6443.
\Hy@abspage=\count122
\c@Item=\count123
\c@Hfootnote=\count124
)
Package hyperref Info: Driver (autodetected): hpdftex.

(/usr/share/texlive/texmf-dist/tex/latex/hyperref/hpdftex.def
File: hpdftex.def 2018/02/06 v6.86b Hyperref driver for pdfTeX
\Fld@listcount=\count125
\c@bookmark@seq@number=\count126

(/usr/share/texlive/texmf-dist/tex/latex/oberdiek/rerunfilecheck.sty
Package: rerunfilecheck 2016/05/16 v1.8 Rerun checks for auxiliary files (HO)
Package uniquecounter Info: New unique counter `rerunfilecheck' on input line 2
82.
)
\Hy@SectionHShift=\skip56
)
(/usr/share/texlive/texmf-dist/tex/latex/float/float.sty
Package: float 2001/11/08 v1.3d Float enhancements (AL)
\c@float@type=\count127
\float@exts=\toks31
\float@box=\box28
\@float@everytoks=\toks32
\@floatcapt=\box29
) (./Tesina.aux)
\openout1 = `Tesina.aux'.

LaTeX Font Info:    Checking defaults for OML/cmm/m/it on input line 23.
LaTeX Font Info:    ... okay on input line 23.
LaTeX Font Info:    Checking defaults for T1/cmr/m/n on input line 23.
LaTeX Font Info:    ... okay on input line 23.
LaTeX Font Info:    Checking defaults for OT1/cmr/m/n on input line 23.
LaTeX Font Info:    ... okay on input line 23.
LaTeX Font Info:    Checking defaults for OMS/cmsy/m/n on input line 23.
LaTeX Font Info:    ... okay on input line 23.
LaTeX Font Info:    Checking defaults for OMX/cmex/m/n on input line 23.
LaTeX Font Info:    ... okay on input line 23.
LaTeX Font Info:    Checking defaults for U/cmr/m/n on input line 23.
LaTeX Font Info:    ... okay on input line 23.
LaTeX Font Info:    Checking defaults for TS1/cmr/m/n on input line 23.
LaTeX Font Info:    Try loading font information for TS1+cmr on input line 23.

(/usr/share/texlive/texmf-dist/tex/latex/base/ts1cmr.fd
File: ts1cmr.fd 2014/09/29 v2.5h Standard LaTeX font definitions
)
LaTeX Font Info:    ... okay on input line 23.
LaTeX Font Info:    Checking defaults for PD1/pdf/m/n on input line 23.
LaTeX Font Info:    ... okay on input line 23.
LaTeX Font Info:    Try loading font information for T1+lmr on input line 23.

(/usr/share/texmf/tex/latex/lm/t1lmr.fd
File: t1lmr.fd 2009/10/30 v1.6 Font defs for Latin Modern
)
*geometry* driver: auto-detecting
*geometry* detected driver: pdftex
*geometry* verbose mode - [ preamble ] result:
* driver: pdftex
* paper: a4paper
* layout: <same size as paper>
* layoutoffset:(h,v)=(0.0pt,0.0pt)
* hratio: 55:89
* vratio: 55:89
* modes: includehead twoside heightrounded 
* h-part:(L,W,R)=(76.96442pt, 396.0pt, 124.54346pt)
* v-part:(T,H,B)=(65.75981pt, 672.8738pt, 106.41324pt)
* \paperwidth=597.50787pt
* \paperheight=845.04684pt
* \textwidth=396.0pt
* \textheight=636.60028pt
* \oddsidemargin=4.69443pt
* \evensidemargin=52.27347pt
* \topmargin=-6.51018pt
* \headheight=12.0pt
* \headsep=19.8738pt
* \topskip=11.0pt
* \footskip=27.46295pt
* \marginparwidth=72.0pt
* \marginparsep=12.0pt
* \columnsep=10.0pt
* \skip\footins=10.0pt plus 4.0pt minus 2.0pt
* \hoffset=0.0pt
* \voffset=0.0pt
* \mag=1000
* \@twocolumnfalse
* \@twosidetrue
* \@mparswitchtrue
* \@reversemarginfalse
* (1in=72.27pt=25.4mm, 1cm=28.453pt)

Package caption Info: Begin \AtBeginDocument code.
Package caption Info: float package is loaded.
Package caption Info: hyperref package is loaded.
Package caption Info: End \AtBeginDocument code.
(/usr/share/texlive/texmf-dist/tex/context/base/mkii/supp-pdf.mkii
[Loading MPS to PDF converter (version 2006.09.02).]
\scratchcounter=\count128
\scratchdimen=\dimen146
\scratchbox=\box30
\nofMPsegments=\count129
\nofMParguments=\count130
\everyMPshowfont=\toks33
\MPscratchCnt=\count131
\MPscratchDim=\dimen147
\MPnumerator=\count132
\makeMPintoPDFobject=\count133
\everyMPtoPDFconversion=\toks34
) (/usr/share/texlive/texmf-dist/tex/latex/oberdiek/epstopdf-base.sty
Package: epstopdf-base 2016/05/15 v2.6 Base part for package epstopdf

(/usr/share/texlive/texmf-dist/tex/latex/oberdiek/grfext.sty
Package: grfext 2016/05/16 v1.2 Manage graphics extensions (HO)
)
Package epstopdf-base Info: Redefining graphics rule for `.eps' on input line 4
38.
Package grfext Info: Graphics extension search list:
(grfext)             [.pdf,.png,.jpg,.mps,.jpeg,.jbig2,.jb2,.PDF,.PNG,.JPG,.JPE
G,.JBIG2,.JB2,.eps]
(grfext)             \AppendGraphicsExtensions on input line 456.

(/usr/share/texlive/texmf-dist/tex/latex/latexconfig/epstopdf-sys.cfg
File: epstopdf-sys.cfg 2010/07/13 v1.3 Configuration of (r)epstopdf for TeX Liv
e
))
LaTeX Info: Redefining \textsubscript on input line 23.
\AtBeginShipoutBox=\box31
Package hyperref Info: Link coloring OFF on input line 23.

(/usr/share/texlive/texmf-dist/tex/latex/hyperref/nameref.sty
Package: nameref 2016/05/21 v2.44 Cross-referencing by name of section

(/usr/share/texlive/texmf-dist/tex/generic/oberdiek/gettitlestring.sty
Package: gettitlestring 2016/05/16 v1.5 Cleanup title references (HO)
)
\c@section@level=\count134
)
LaTeX Info: Redefining \ref on input line 23.
LaTeX Info: Redefining \pageref on input line 23.
LaTeX Info: Redefining \nameref on input line 23.

(./Tesina.out) (./Tesina.out)
\@outlinefile=\write3
\openout3 = `Tesina.out'.

LaTeX Font Info:    Try loading font information for T1+lmss on input line 26.
 (/usr/share/texmf/tex/latex/lm/t1lmss.fd
File: t1lmss.fd 2009/10/30 v1.6 Font defs for Latin Modern
)
<sapienza-MLred-pos.pdf, id=36, 288.07625pt x 89.33376pt>
File: sapienza-MLred-pos.pdf Graphic file (type pdf)
<use sapienza-MLred-pos.pdf>
Package pdftex.def Info: sapienza-MLred-pos.pdf  used on input line 26.
(pdftex.def)             Requested size: 142.26378pt x 44.11742pt.

[1



{/var/lib/texmf/fonts/map/pdftex/updmap/pdftex.map} <./sapienza-MLred-pos.pdf>]
LaTeX Font Info:    Try loading font information for TS1+lmr on input line 26.
 (/usr/share/texmf/tex/latex/lm/ts1lmr.fd
File: ts1lmr.fd 2009/10/30 v1.6 Font defs for Latin Modern
)
Underfull \hbox (badness 10000) in paragraph at lines 26--26

 []

LaTeX Font Info:    Try loading font information for OT1+lmr on input line 26.
(/usr/share/texmf/tex/latex/lm/ot1lmr.fd
File: ot1lmr.fd 2009/10/30 v1.6 Font defs for Latin Modern
)
LaTeX Font Info:    Try loading font information for OML+lmm on input line 26.

(/usr/share/texmf/tex/latex/lm/omllmm.fd
File: omllmm.fd 2009/10/30 v1.6 Font defs for Latin Modern
)
LaTeX Font Info:    Try loading font information for OMS+lmsy on input line 26.


(/usr/share/texmf/tex/latex/lm/omslmsy.fd
File: omslmsy.fd 2009/10/30 v1.6 Font defs for Latin Modern
)
LaTeX Font Info:    Try loading font information for OMX+lmex on input line 26.


(/usr/share/texmf/tex/latex/lm/omxlmex.fd
File: omxlmex.fd 2009/10/30 v1.6 Font defs for Latin Modern
)
LaTeX Font Info:    External font `lmex10' loaded for size
(Font)              <10> on input line 26.
LaTeX Font Info:    External font `lmex10' loaded for size
(Font)              <7> on input line 26.
LaTeX Font Info:    External font `lmex10' loaded for size
(Font)              <5> on input line 26.

Underfull \hbox (badness 10000) in paragraph at lines 26--26

 []

[2

] [3


] [4

] (./Tesina.toc
LaTeX Font Info:    External font `lmex10' loaded for size
(Font)              <10.95> on input line 2.
LaTeX Font Info:    External font `lmex10' loaded for size
(Font)              <8> on input line 2.
LaTeX Font Info:    External font `lmex10' loaded for size
(Font)              <6> on input line 2.
)
\tf@toc=\write4
\openout4 = `Tesina.toc'.

 [5] [6

]
<trasmissione.jpg, id=112, 1003.75pt x 510.90875pt>
File: trasmissione.jpg Graphic file (type jpg)
<use trasmissione.jpg>
Package pdftex.def Info: trasmissione.jpg  used on input line 50.
(pdftex.def)             Requested size: 625.33583pt x 318.30014pt.

Underfull \vbox (badness 10000) has occurred while \output is active []

 [1]
Underfull \vbox (badness 10000) has occurred while \output is active []

 [2 <./trasmissione.jpg>] [3] [4

]
Chapter 1.
<poli_lisci.jpg, id=131, 240.14719pt x 229.60782pt>
File: poli_lisci.jpg Graphic file (type jpg)
<use poli_lisci.jpg>
Package pdftex.def Info: poli_lisci.jpg  used on input line 66.
(pdftex.def)             Requested size: 166.4639pt x 159.15007pt.
<poli_salienti.jpeg, id=132, 242.9075pt x 208.78pt>
File: poli_salienti.jpeg Graphic file (type jpg)
<use poli_salienti.jpeg>
Package pdftex.def Info: poli_salienti.jpeg  used on input line 67.
(pdftex.def)             Requested size: 185.17499pt x 159.15007pt.
<schema_generale.jpg, id=133, 656.64677pt x 387.77129pt>
File: schema_generale.jpg Graphic file (type jpg)
<use schema_generale.jpg>
Package pdftex.def Info: schema_generale.jpg  used on input line 76.
(pdftex.def)             Requested size: 323.40295pt x 190.98203pt.

Underfull \hbox (badness 10000) in paragraph at lines 62--79

 []


Underfull \hbox (badness 10000) in paragraph at lines 62--79

 []


Underfull \hbox (badness 10000) in paragraph at lines 62--79

 []

[5]
Underfull \vbox (badness 2828) has occurred while \output is active []

 [6 <./poli_lisci.jpg> <./poli_salienti.jpeg>]
<riferimento.png, id=146, 481.8pt x 303.1325pt>
File: riferimento.png Graphic file (type png)
<use riferimento.png>
Package pdftex.def Info: riferimento.png  used on input line 85.
(pdftex.def)             Requested size: 303.5503pt x 190.98203pt.
 [7 <./schema_generale.jpg>]
Underfull \hbox (badness 10000) in paragraph at lines 111--112

 []

[8 <./riferimento.png>]
Underfull \hbox (badness 10000) in paragraph at lines 120--198

 []


Underfull \hbox (badness 10000) in paragraph at lines 120--198

 []


Underfull \hbox (badness 10000) in paragraph at lines 120--198

 []


Underfull \hbox (badness 10000) in paragraph at lines 120--198

 []


Underfull \hbox (badness 10000) in paragraph at lines 120--198

 []


Underfull \hbox (badness 10000) in paragraph at lines 120--198

 []


Underfull \hbox (badness 10000) in paragraph at lines 120--198

 []


Underfull \hbox (badness 10000) in paragraph at lines 120--198

 []

[9]
<trifase.png, id=166, 521.95pt x 364.36125pt>
File: trifase.png Graphic file (type png)
<use trifase.png>
Package pdftex.def Info: trifase.png  used on input line 226.
(pdftex.def)             Requested size: 273.58185pt x 190.98203pt.

Underfull \hbox (badness 10000) in paragraph at lines 230--443

 []


Underfull \hbox (badness 10000) in paragraph at lines 230--443

 []


Underfull \hbox (badness 10000) in paragraph at lines 230--443

 []


Underfull \hbox (badness 10000) in paragraph at lines 230--443

 []


Underfull \hbox (badness 10000) in paragraph at lines 230--443

 []


Overfull \hbox (18.43588pt too wide) in paragraph at lines 230--443
[] [] [] [] \OT1/lmr/m/n/10.95 = [] [] = [] []$ 
 []


Underfull \hbox (badness 10000) in paragraph at lines 230--443

 []


Underfull \hbox (badness 10000) in paragraph at lines 230--443

 []


Underfull \hbox (badness 10000) in paragraph at lines 230--443

 []


Underfull \hbox (badness 10000) in paragraph at lines 230--443

 []


Underfull \hbox (badness 10000) in paragraph at lines 230--443

 []


Underfull \hbox (badness 10000) in paragraph at lines 230--443

 []

[10 <./trifase.png>]
Underfull \vbox (badness 10000) has occurred while \output is active []

 [11]
Underfull \hbox (badness 10000) in paragraph at lines 468--470

 []


Underfull \hbox (badness 10000) in paragraph at lines 471--481

 []


Underfull \hbox (badness 10000) in paragraph at lines 471--481

 []


Underfull \hbox (badness 10000) in paragraph at lines 471--481

 []

[12]
Underfull \hbox (badness 10000) in paragraph at lines 485--487

 []


Underfull \hbox (badness 10000) in paragraph at lines 492--572

 []


Overfull \hbox (33.61282pt too wide) in paragraph at lines 492--572
[] \OT1/lmr/m/n/10.95 = \OMS/lmsy/m/n/10.95 ^^@ [] [] ^^@ [] []$ 
 []


Underfull \hbox (badness 10000) in paragraph at lines 492--572

 []

[13] [14]
Overfull \hbox (4.49052pt too wide) in paragraph at lines 577--644
\OML/lmm/m/it/10.95 V[] \OT1/lmr/m/n/10.95 =$\T1/lmr/m/n/10.95 tensione me-dia 
sullo sta-tore rispetto al neu-tro, espressa in $\OML/lmm/m/it/10.95 V$\T1/lmr/
m/n/10.95 (rms); $\OML/lmm/m/it/10.95 ![] \OT1/lmr/m/n/10.95 =$\T1/lmr/m/n/10.9
5 velocit
 []


Underfull \hbox (badness 10000) in paragraph at lines 577--644

 []


Underfull \hbox (badness 10000) in paragraph at lines 577--644

 []


Underfull \hbox (badness 10000) in paragraph at lines 577--644

 []


Underfull \hbox (badness 10000) in paragraph at lines 577--644

 []

[15]
Underfull \hbox (badness 10000) in paragraph at lines 654--673

 []


Underfull \hbox (badness 10000) in paragraph at lines 654--673

 []


Underfull \hbox (badness 10000) in paragraph at lines 654--673

 []

[16]
Overfull \hbox (2.51178pt too wide) in paragraph at lines 676--722
 []\T1/lmr/bx/n/10.95 Normalizzazione ten-sioni[] \T1/lmr/m/n/10.95 Scrivendo i
n maniera leg-ger-mente di-versa le equazioni
 []


Underfull \hbox (badness 10000) in paragraph at lines 676--722

 []


Underfull \hbox (badness 10000) in paragraph at lines 676--722

 []


Underfull \hbox (badness 10000) in paragraph at lines 676--722

 []


Underfull \hbox (badness 10000) in paragraph at lines 676--722

 []


Underfull \hbox (badness 10000) in paragraph at lines 676--722

 []


Underfull \hbox (badness 10000) in paragraph at lines 676--722

 []

[17]
Underfull \hbox (badness 10000) in paragraph at lines 723--727

 []


Overfull \hbox (25.12718pt too wide) detected at line 729
\OT1/lmr/m/n/10.95 2[][] = \OML/lmm/m/it/10.95 C[] \OMS/lmsy/m/n/10.95 ^^@ \OML
/lmm/m/it/10.95 C[] \OMS/lmsy/m/n/10.95 ^^@ \OML/lmm/m/it/10.95 C[] \OMS/lmsy/m
/n/10.95 ! \OT1/lmr/m/n/10.95 2[][] = \OML/lmm/m/it/10.95 C[] \OMS/lmsy/m/n/10.
95 ^^@ \OML/lmm/m/it/10.95 C[] \OMS/lmsy/m/n/10.95 ^^@ \OML/lmm/m/it/10.95 C[] 
\OMS/lmsy/m/n/10.95 ! \OT1/lmr/m/n/10.95 2\OML/lmm/m/it/10.95 H![][] \OT1/lmr/m
/n/10.95 = \OML/lmm/m/it/10.95 C[] \OMS/lmsy/m/n/10.95 ^^@ \OML/lmm/m/it/10.95 
C[] \OMS/lmsy/m/n/10.95 ^^@ \OML/lmm/m/it/10.95 C[] \OMS/lmsy/m/n/10.95 !
 []


Underfull \hbox (badness 10000) in paragraph at lines 729--734

 []


Underfull \hbox (badness 10000) in paragraph at lines 729--734

 []


Underfull \hbox (badness 10000) in paragraph at lines 738--742

 []


Underfull \hbox (badness 10000) in paragraph at lines 743--787

 []

[18]
Underfull \hbox (badness 10000) in paragraph at lines 789--803

 []

[19]
Underfull \hbox (badness 10000) in paragraph at lines 812--820

 []

[20]
Underfull \hbox (badness 10000) in paragraph at lines 827--828

 []

[21]
Underfull \hbox (badness 10000) in paragraph at lines 846--849

 []


Underfull \hbox (badness 10000) in paragraph at lines 861--863

 []

<circuito_equiv_IV.png, id=236, 399.4925pt x 171.64125pt>
File: circuito_equiv_IV.png Graphic file (type png)
<use circuito_equiv_IV.png>
Package pdftex.def Info: circuito_equiv_IV.png  used on input line 874.
(pdftex.def)             Requested size: 222.23909pt x 95.48615pt.

Underfull \hbox (badness 10000) in paragraph at lines 868--879

 []

[22 <./circuito_equiv_IV.png>]
Underfull \hbox (badness 10000) in paragraph at lines 884--893

 []


Underfull \hbox (badness 10000) in paragraph at lines 884--893

 []


Underfull \hbox (badness 10000) in paragraph at lines 910--920

 []

[23] [24]
Chapter 2.
<WSCC_line.jpg, id=252, 493.845pt x 390.70969pt>
File: WSCC_line.jpg Graphic file (type jpg)
<use WSCC_line.jpg>
Package pdftex.def Info: WSCC_line.jpg  used on input line 934.
(pdftex.def)             Requested size: 402.3407pt x 318.30014pt.

Overfull \hbox (6.3407pt too wide) in paragraph at lines 934--935
 [][] 
 []

<macchineWSCC.png, id=253, 880.28876pt x 393.47pt>
File: macchineWSCC.png Graphic file (type png)
<use macchineWSCC.png>
Package pdftex.def Info: macchineWSCC.png  used on input line 939.
(pdftex.def)             Requested size: 427.2619pt x 190.98203pt.

Overfull \hbox (31.2619pt too wide) in paragraph at lines 939--940
[][] 
 []


Underfull \hbox (badness 10000) in paragraph at lines 931--943

 []

[25

] [26 <./WSCC_line.jpg> <./macchineWSCC.png>]
<nonridotta.png, id=265, 545.03625pt x 398.48875pt>
File: nonridotta.png Graphic file (type png)
<use nonridotta.png>
Package pdftex.def Info: nonridotta.png  used on input line 948.
(pdftex.def)             Requested size: 304.75249pt x 222.81398pt.
<ridotta.png, id=266, 456.70625pt x 278.03876pt>
File: ridotta.png Graphic file (type png)
<use ridotta.png>
Package pdftex.def Info: ridotta.png  used on input line 988.
(pdftex.def)             Requested size: 313.71298pt x 190.98203pt.

Underfull \hbox (badness 10000) in paragraph at lines 944--1021

 []


Underfull \hbox (badness 10000) in paragraph at lines 944--1021

 []


Underfull \hbox (badness 10000) in paragraph at lines 944--1021

 []


Underfull \hbox (badness 10000) in paragraph at lines 944--1021

 []


Underfull \hbox (badness 10000) in paragraph at lines 944--1021

 []


Underfull \hbox (badness 10000) in paragraph at lines 944--1021

 []

[27 <./nonridotta.png>]
Underfull \vbox (badness 10000) has occurred while \output is active []

 [28]
Underfull \vbox (badness 10000) has occurred while \output is active []

 [29 <./ridotta.png>]
<riferimento_comune.png, id=281, 579.16376pt x 228.855pt>
File: riferimento_comune.png Graphic file (type png)
<use riferimento_comune.png>
Package pdftex.def Info: riferimento_comune.png  used on input line 1042.
(pdftex.def)             Requested size: 322.19969pt x 127.3181pt.
<cambio_coordinate.png, id=282, 599.23875pt x 345.29pt>
File: cambio_coordinate.png Graphic file (type png)
<use cambio_coordinate.png>
Package pdftex.def Info: cambio_coordinate.png  used on input line 1071.
(pdftex.def)             Requested size: 331.44763pt x 190.98203pt.

Underfull \hbox (badness 10000) in paragraph at lines 1028--1077

 []


Underfull \hbox (badness 10000) in paragraph at lines 1028--1077

 []


Underfull \vbox (badness 2707) has occurred while \output is active []

 [30 <./riferimento_comune.png>]
Underfull \hbox (badness 10000) in paragraph at lines 1079--1089

 []


Underfull \hbox (badness 10000) in paragraph at lines 1079--1089

 []


Underfull \hbox (badness 10000) in paragraph at lines 1079--1089

 []


Underfull \hbox (badness 10000) in paragraph at lines 1079--1089

 []

[31 <./cambio_coordinate.png>]
<tipidibus.png, id=297, 1253.68375pt x 374.39874pt>
File: tipidibus.png Graphic file (type png)
<use tipidibus.png>
Package pdftex.def Info: tipidibus.png  used on input line 1103.
(pdftex.def)             Requested size: 426.32335pt x 127.3181pt.

Overfull \hbox (30.32335pt too wide) in paragraph at lines 1103--1104
 [][] 
 []


Underfull \hbox (badness 10000) in paragraph at lines 1099--1107

 []

[32 <./tipidibus.png>]
<WSCC-powerflow.png, id=304, 812.03375pt x 620.3175pt>
File: WSCC-powerflow.png Graphic file (type png)
<use WSCC-powerflow.png>
Package pdftex.def Info: WSCC-powerflow.png  used on input line 1114.
(pdftex.def)             Requested size: 406.01588pt x 310.15799pt.

Overfull \hbox (10.01588pt too wide) in paragraph at lines 1112--1119
[]
 []


Underfull \hbox (badness 10000) in paragraph at lines 1120--1121

 []

[33 <./WSCC-powerflow.png>]
Underfull \hbox (badness 10000) in paragraph at lines 1128--1131

 []


Underfull \hbox (badness 10000) in paragraph at lines 1141--1142

 []


Underfull \hbox (badness 10000) in paragraph at lines 1144--1153

 []


Overfull \hbox (29.82065pt too wide) detected at line 1178
[] [] \OT1/lmr/m/n/10.95 = [] [] \OMS/lmsy/m/n/10.95 ^^@ \OML/lmm/m/it/10.95 j 
[]
 []


Underfull \hbox (badness 10000) in paragraph at lines 1178--1180

 []

[34]
Overfull \hbox (39.61118pt too wide) detected at line 1202
[][]
 []

<valori_loaflow1.png, id=316, 885.3075pt x 449.68pt>
File: valori_loaflow1.png Graphic file (type png)
<use valori_loaflow1.png>
Package pdftex.def Info: valori_loaflow1.png  used on input line 1205.
(pdftex.def)             Requested size: 401.07292pt x 203.71675pt.

Overfull \hbox (5.07292pt too wide) in paragraph at lines 1205--1206
 [][] 
 []

<valori_loadflow2.png, id=317, 637.38126pt x 269.005pt>
File: valori_loadflow2.png Graphic file (type png)
<use valori_loadflow2.png>
Package pdftex.def Info: valori_loadflow2.png  used on input line 1210.
(pdftex.def)             Requested size: 377.09233pt x 159.15007pt.

Underfull \hbox (badness 10000) in paragraph at lines 1202--1214

 []

[35 <./valori_loaflow1.png> <./valori_loadflow2.png>]
Underfull \hbox (badness 10000) in paragraph at lines 1239--1243

 []

[36]
Underfull \hbox (badness 10000) in paragraph at lines 1244--1245

 []


Overfull \hbox (79.20676pt too wide) detected at line 1282
[]
 []

<AVR.png, id=330, 782.925pt x 287.0725pt>
File: AVR.png Graphic file (type png)
<use AVR.png>
Package pdftex.def Info: AVR.png  used on input line 1312.
(pdftex.def)             Requested size: 347.2238pt x 127.3181pt.
[37]
<PSS.png, id=337, 945.5325pt x 206.7725pt>
File: PSS.png Graphic file (type png)
<use PSS.png>
Package pdftex.def Info: PSS.png  used on input line 1320.
(pdftex.def)             Requested size: 378.45157pt x 82.76114pt.

Underfull \hbox (badness 10000) in paragraph at lines 1325--1327

 []


Underfull \vbox (badness 2426) has occurred while \output is active []

 [38 <./AVR.png>]
Underfull \hbox (badness 10000) in paragraph at lines 1329--1332

 []


Underfull \hbox (badness 10000) in paragraph at lines 1339--1341

 []

<Macchina_non_regolata.png, id=344, 1107.13625pt x 864.22874pt>
File: Macchina_non_regolata.png Graphic file (type png)
<use Macchina_non_regolata.png>
Package pdftex.def Info: Macchina_non_regolata.png  used on input line 1350.
(pdftex.def)             Requested size: 489.32072pt x 381.96405pt.
[39 <./PSS.png>] [40 <./Macchina_non_regolata.png>]
Underfull \hbox (badness 10000) in paragraph at lines 1354--1355

 []

<Uscita_non_regolata.png, id=358, 1843.88875pt x 1023.825pt>
File: Uscita_non_regolata.png Graphic file (type png)
<use Uscita_non_regolata.png>
Package pdftex.def Info: Uscita_non_regolata.png  used on input line 1363.
(pdftex.def)             Requested size: 458.57954pt x 254.63622pt.

Overfull \hbox (62.57954pt too wide) in paragraph at lines 1363--1364
 [][] 
 []

<Dati_Sistema_Eccitazione.png, id=359, 1261.71375pt x 739.76375pt>
File: Dati_Sistema_Eccitazione.png Graphic file (type png)
<use Dati_Sistema_Eccitazione.png>
Package pdftex.def Info: Dati_Sistema_Eccitazione.png  used on input line 1368.

(pdftex.def)             Requested size: 325.72757pt x 190.98203pt.
<poli_p2.png, id=360, 171.64125pt x 366.36874pt>
File: poli_p2.png Graphic file (type png)
<use poli_p2.png>
Package pdftex.def Info: poli_p2.png  used on input line 1373.
(pdftex.def)             Requested size: 77.54164pt x 165.51257pt.
<P2_estimating.png, id=361, 1856.9375pt x 1026.83624pt>
File: P2_estimating.png Graphic file (type png)
<use P2_estimating.png>
Package pdftex.def Info: P2_estimating.png  used on input line 1377.
(pdftex.def)             Requested size: 612.79128pt x 338.85701pt.
<Regole_PID.png, id=362, 971.63pt x 452.69125pt>
File: Regole_PID.png Graphic file (type png)
<use Regole_PID.png>
Package pdftex.def Info: Regole_PID.png  used on input line 1381.
(pdftex.def)             Requested size: 437.2443pt x 203.71675pt.
<step_response_metodi_P2.png, id=363, 1536.74126pt x 855.195pt>
File: step_response_metodi_P2.png Graphic file (type png)
<use step_response_metodi_P2.png>
Package pdftex.def Info: step_response_metodi_P2.png  used on input line 1385.
(pdftex.def)             Requested size: 583.96776pt x 324.97748pt.
<vari_N.png, id=364, 1504.62125pt x 877.2775pt>
File: vari_N.png Graphic file (type png)
<use vari_N.png>
Package pdftex.def Info: vari_N.png  used on input line 1387.
(pdftex.def)             Requested size: 600.5292pt x 350.1321pt.

Underfull \hbox (badness 10000) in paragraph at lines 1359--1389

 []


Underfull \hbox (badness 10000) in paragraph at lines 1359--1389

 []


Underfull \hbox (badness 10000) in paragraph at lines 1359--1389

 []


Overfull \hbox (41.2443pt too wide) in paragraph at lines 1359--1389
[]
 []


Underfull \hbox (badness 10000) in paragraph at lines 1359--1389

 []


Underfull \hbox (badness 10000) in paragraph at lines 1359--1389

 []

[41 <./Uscita_non_regolata.png>]
Underfull \vbox (badness 10000) has occurred while \output is active []

 [42 <./Dati_Sistema_Eccitazione.png> <./poli_p2.png>]
Underfull \vbox (badness 10000) has occurred while \output is active []

 [43 <./P2_estimating.png>]
Underfull \vbox (badness 10000) has occurred while \output is active []

 [44 <./Regole_PID.png>]
Underfull \vbox (badness 10000) has occurred while \output is active []

 [45 <./step_response_metodi_P2.png>]
Underfull \vbox (badness 10000) has occurred while \output is active []

 [46 <./vari_N.png>]
Underfull \hbox (badness 10000) in paragraph at lines 1391--1393

 []

<rlocus_P2_pos.png, id=400, 1510.64375pt x 859.21pt>
File: rlocus_P2_pos.png Graphic file (type png)
<use rlocus_P2_pos.png>
Package pdftex.def Info: rlocus_P2_pos.png  used on input line 1401.
(pdftex.def)             Requested size: 407.87927pt x 231.9898pt.
<rlocus_P2_neg.png, id=401, 1508.63625pt x 873.2625pt>
File: rlocus_P2_neg.png Graphic file (type png)
<use rlocus_P2_neg.png>
Package pdftex.def Info: rlocus_P2_neg.png  used on input line 1402.
(pdftex.def)             Requested size: 407.33723pt x 235.78403pt.
<margin_P2.png, id=402, 1515.6625pt x 863.225pt>
File: margin_P2.png Graphic file (type png)
<use margin_P2.png>
Package pdftex.def Info: margin_P2.png  used on input line 1405.
(pdftex.def)             Requested size: 1515.65881pt x 863.2229pt.
<P3_estimating.png, id=403, 1858.945pt x 1025.8325pt>
File: P3_estimating.png Graphic file (type png)
<use P3_estimating.png>
Package pdftex.def Info: P3_estimating.png  used on input line 1408.
(pdftex.def)             Requested size: 557.6878pt x 307.75212pt.

Underfull \hbox (badness 10000) in paragraph at lines 1399--1410

 []


Overfull \hbox (11.87927pt too wide) in paragraph at lines 1399--1410
[] 
 []


Overfull \hbox (11.33723pt too wide) in paragraph at lines 1399--1410
[] 
 []


Underfull \hbox (badness 10000) in paragraph at lines 1399--1410

 []


Underfull \hbox (badness 10000) in paragraph at lines 1399--1410

 []


Underfull \hbox (badness 10000) in paragraph at lines 1399--1410

 []


Underfull \hbox (badness 10000) in paragraph at lines 1399--1410

 []


Underfull \hbox (badness 10000) in paragraph at lines 1399--1410

 []


Underfull \vbox (badness 10000) has occurred while \output is active []

 [47 <./rlocus_P2_pos.png>]
Underfull \vbox (badness 10000) has occurred while \output is active []

 [48 <./rlocus_P2_neg.png>]
Underfull \vbox (badness 10000) has occurred while \output is active []

 [49 <./margin_P2.png>]
Underfull \vbox (badness 10000) has occurred while \output is active []

 [50 <./P3_estimating.png>]
<step_response_metodi_P3.png, id=425, 1544.77126pt x 875.27pt>
File: step_response_metodi_P3.png Graphic file (type png)
<use step_response_metodi_P3.png>
Package pdftex.def Info: step_response_metodi_P3.png  used on input line 1414.
(pdftex.def)             Requested size: 494.33691pt x 280.09212pt.
<vari_n_P3.png, id=426, 1497.595pt x 868.24374pt>
File: vari_n_P3.png Graphic file (type png)
<use vari_n_P3.png>
Package pdftex.def Info: vari_n_P3.png  used on input line 1416.
(pdftex.def)             Requested size: 479.2402pt x 277.84367pt.

Underfull \hbox (badness 10000) in paragraph at lines 1412--1418

 []


Underfull \hbox (badness 10000) in paragraph at lines 1412--1418

 []


Overfull \hbox (1.20923pt too wide) in paragraph at lines 1412--1418
\T1/lmr/m/n/10.95 Verr quindi us-ato di nuovo il metodo di Cohen-Coon e scelto
 il val-ore di N scegliendo
 []


Underfull \hbox (badness 10000) in paragraph at lines 1412--1418

 []


Underfull \hbox (badness 10000) in paragraph at lines 1412--1418

 []


Underfull \hbox (badness 10000) in paragraph at lines 1412--1418

 []

[51 <./step_response_metodi_P3.png>]
<rlocus_F3_pos.png, id=432, 1544.77126pt x 861.2175pt>
File: rlocus_F3_pos.png Graphic file (type png)
<use rlocus_F3_pos.png>
Package pdftex.def Info: rlocus_F3_pos.png  used on input line 1422.
(pdftex.def)             Requested size: 494.33691pt x 275.59523pt.
<rlocus_F3_neg.png, id=433, 1544.77126pt x 863.225pt>
File: rlocus_F3_neg.png Graphic file (type png)
<use rlocus_F3_neg.png>
Package pdftex.def Info: rlocus_F3_neg.png  used on input line 1423.
(pdftex.def)             Requested size: 494.33691pt x 276.23764pt.
<rlocus_F3_particolare.png, id=434, 1546.77875pt x 873.2625pt>
File: rlocus_F3_particolare.png Graphic file (type png)
<use rlocus_F3_particolare.png>
Package pdftex.def Info: rlocus_F3_particolare.png  used on input line 1425.
(pdftex.def)             Requested size: 399.06114pt x 225.29733pt.
<margin_F3.png, id=435, 1536.74126pt x 867.24pt>
File: margin_F3.png Graphic file (type png)
<use margin_F3.png>
Package pdftex.def Info: margin_F3.png  used on input line 1427.
(pdftex.def)             Requested size: 396.47151pt x 223.74356pt.
<Modello_controllato.png, id=436, 1802.735pt x 935.495pt>
File: Modello_controllato.png Graphic file (type png)
<use Modello_controllato.png>
Package pdftex.def Info: Modello_controllato.png  used on input line 1429.
(pdftex.def)             Requested size: 630.9667pt x 327.42815pt.

Underfull \hbox (badness 10000) in paragraph at lines 1420--1430

 []


Overfull \hbox (98.33691pt too wide) in paragraph at lines 1420--1430
[] 
 []


Overfull \hbox (98.33691pt too wide) in paragraph at lines 1420--1430
[] 
 []


Underfull \hbox (badness 10000) in paragraph at lines 1420--1430

 []


Underfull \hbox (badness 10000) in paragraph at lines 1420--1430

 []


Overfull \hbox (3.06114pt too wide) in paragraph at lines 1420--1430
[] 
 []


Underfull \hbox (badness 10000) in paragraph at lines 1420--1430

 []


Underfull \hbox (badness 10000) in paragraph at lines 1420--1430

 []


Overfull \hbox (0.47151pt too wide) in paragraph at lines 1420--1430
[] 
 []


Underfull \hbox (badness 10000) in paragraph at lines 1420--1430

 []


Underfull \vbox (badness 6477) has occurred while \output is active []

 [52 <./vari_n_P3.png>]
Underfull \vbox (badness 10000) has occurred while \output is active []

 [53 <./rlocus_F3_pos.png> <./rlocus_F3_neg.png>]
Package atveryend Info: Empty hook `BeforeClearDocument' on input line 1434.

Underfull \vbox (badness 10000) has occurred while \output is active []

 [54 <./rlocus_F3_particolare.png> <./margin_F3.png>] [55 <./Modello_controllat
o.png>]
Package atveryend Info: Empty hook `AfterLastShipout' on input line 1434.

(./Tesina.aux)
Package atveryend Info: Executing hook `AtVeryEndDocument' on input line 1434.
Package atveryend Info: Executing hook `AtEndAfterFileList' on input line 1434.

Package rerunfilecheck Info: File `Tesina.out' has not changed.
(rerunfilecheck)             Checksum: F958A2B61AC931E665B9FDF39D0837D7;501.
 ) 
Here is how much of TeX's memory you used:
 9756 strings out of 494923
 142844 string characters out of 6180742
 251294 words of memory out of 5000000
 12740 multiletter control sequences out of 15000+600000
 80896 words of font info for 53 fonts, out of 8000000 for 9000
 14 hyphenation exceptions out of 8191
 60i,12n,94p,1893b,382s stack positions out of 5000i,500n,10000p,200000b,80000s
{/usr/share/texmf/fonts/enc/dvips/lm/lm-mathit.enc}{/usr/share/texmf/fonts/en
c/dvips/lm/lm-mathsy.enc}{/usr/share/texmf/fonts/enc/dvips/lm/lm-ec.enc}{/usr/s
hare/texmf/fonts/enc/dvips/lm/lm-rm.enc}{/usr/share/texmf/fonts/enc/dvips/lm/lm
-mathex.enc}{/usr/share/texmf/fonts/enc/dvips/lm/lm-ts1.enc}</usr/share/texmf/f
onts/type1/public/lm/lmbx10.pfb></usr/share/texmf/fonts/type1/public/lm/lmbx12.
pfb></usr/share/texmf/fonts/type1/public/lm/lmex10.pfb></usr/share/texmf/fonts/
type1/public/lm/lmmi10.pfb></usr/share/texmf/fonts/type1/public/lm/lmmi6.pfb></
usr/share/texmf/fonts/type1/public/lm/lmmi7.pfb></usr/share/texmf/fonts/type1/p
ublic/lm/lmmi8.pfb></usr/share/texmf/fonts/type1/public/lm/lmr10.pfb></usr/shar
e/texmf/fonts/type1/public/lm/lmr6.pfb></usr/share/texmf/fonts/type1/public/lm/
lmr7.pfb></usr/share/texmf/fonts/type1/public/lm/lmr8.pfb></usr/share/texmf/fon
ts/type1/public/lm/lmri10.pfb></usr/share/texmf/fonts/type1/public/lm/lmss10.pf
b></usr/share/texmf/fonts/type1/public/lm/lmss17.pfb></usr/share/texmf/fonts/ty
pe1/public/lm/lmsy10.pfb></usr/share/texmf/fonts/type1/public/lm/lmsy6.pfb></us
r/share/texmf/fonts/type1/public/lm/lmsy8.pfb>
Output written on Tesina.pdf (61 pages, 2598100 bytes).
PDF statistics:
 557 PDF objects out of 1000 (max. 8388607)
 411 compressed objects within 5 object streams
 130 named destinations out of 1000 (max. 500000)
 260 words of extra memory for PDF output out of 10000 (max. 10000000)

